<?xml version="1.0" encoding="UTF-8" ?>
<testsuite tests="15" failures="0" name="com.mycompany.tqsrecurso.TaskTest" time="0.062" errors="0" skipped="13">
  <properties>
[...]
</properties>
  <testcase classname="com.mycompany.tqsrecurso.TaskTest" name="testSetDatelimit" time="0">
    <skipped/>
  </testcase>
  <testcase classname="com.mycompany.tqsrecurso.TaskTest" name="testGetTitle" time="0.016">
    <skipped/>
  </testcase>
  <testcase classname="com.mycompany.tqsrecurso.TaskTest" name="testGetId" time="0"/>
  <testcase classname="com.mycompany.tqsrecurso.TaskTest" name="testSetId" time="0"/>
  <testcase classname="com.mycompany.tqsrecurso.TaskTest" name="testSetDescription" time="0">
    <skipped/>
  </testcase>
  <testcase classname="com.mycompany.tqsrecurso.TaskTest" name="testToString" time="0">
    <skipped/>
  </testcase>
  <testcase classname="com.mycompany.tqsrecurso.TaskTest" name="testSetPriority" time="0">
    <skipped/>
  </testcase>
  <testcase classname="com.mycompany.tqsrecurso.TaskTest" name="testGetPriority" time="0">
    <skipped/>
  </testcase>
  <testcase classname="com.mycompany.tqsrecurso.TaskTest" name="testGetDescription" time="0">
    <skipped/>
  </testcase>
  <testcase classname="com.mycompany.tqsrecurso.TaskTest" name="testSetAuthor" time="0">
    <skipped/>
  </testcase>
  <testcase classname="com.mycompany.tqsrecurso.TaskTest" name="testGetDatelimit" time="0">
    <skipped/>
  </testcase>
  <testcase classname="com.mycompany.tqsrecurso.TaskTest" name="testHashCode" time="0">
    <skipped/>
  </testcase>
  <testcase classname="com.mycompany.tqsrecurso.TaskTest" name="testGetAuthor" time="0">
    <skipped/>
  </testcase>
  <testcase classname="com.mycompany.tqsrecurso.TaskTest" name="testEquals" time="0">
    <skipped/>
  </testcase>
  <testcase classname="com.mycompany.tqsrecurso.TaskTest" name="testSetTitle" time="0">
    <skipped/>
  </testcase>
</testsuite>